#
# A fatal error has been detected by the Java Runtime Environment:
#
#  Internal Error (javaCalls.cpp:51), pid=27078, tid=0x0000000000002b03
#  guarantee(thread->is_Java_thread()) failed: crucial check - the VM thread cannot and must not escape to Java code
#
# JRE version: Java(TM) SE Runtime Environment (8.0_241-b07) (build 1.8.0_241-b07)
# Java VM: Java HotSpot(TM) 64-Bit Server VM (25.241-b07 mixed mode bsd-amd64 compressed oops)
# Failed to write core dump. Core dumps have been disabled. To enable core dumping, try "ulimit -c unlimited" before starting Java again
#
# If you would like to submit a bug report, please visit:
#   http://bugreport.java.com/bugreport/crash.jsp
#

---------------  T H R E A D  ---------------

Current thread (0x00007fe49b80a800):  VMThread [stack: 0x000070000f1e1000,0x000070000f2e1000] [id=11011]

Stack: [0x000070000f1e1000,0x000070000f2e1000],  sp=0x000070000f2dfb40,  free space=1018k
Native frames: (J=compiled Java code, j=interpreted, Vv=VM code, C=native code)
V  [libjvm.dylib+0x5bc994]
V  [libjvm.dylib+0x1ea9f9]
V  [libjvm.dylib+0x2f11a8]
V  [libjvm.dylib+0x2f1a60]
V  [libjvm.dylib+0x2f1f93]
V  [libjvm.dylib+0x2455ab]
V  [libjvm.dylib+0x2456a6]
V  [libjvm.dylib+0x245905]
V  [libjvm.dylib+0x245920]
V  [libjvm.dylib+0x28975f]
V  [libjvm.dylib+0x289bf3]
V  [libjvm.dylib+0x28a4e5]
V  [libjvm.dylib+0x28c3c4]
V  [libjvm.dylib+0x28c613]
V  [libjvm.dylib+0x28cbaa]
V  [libjvm.dylib+0x28cfc3]
V  [libjvm.dylib+0x487a71]
V  [libjvm.dylib+0x487c7a]
V  [libjvm.dylib+0x487e5b]
V  [libjvm.dylib+0x488112]
V  [libjvm.dylib+0x2c4906]
V  [libjvm.dylib+0x455751]
V  [libjvm.dylib+0x39ce1b]
V  [libjvm.dylib+0x5c4685]
V  [libjvm.dylib+0x5c2c1b]
V  [libjvm.dylib+0x5c3068]
V  [libjvm.dylib+0x5c2987]
V  [libjvm.dylib+0x490b86]
C  [libsystem_pthread.dylib+0x5e65]  _pthread_start+0x94
C  [libsystem_pthread.dylib+0x183b]  thread_start+0xf

VM_Operation (0x000070000f7f2a18): GetOrSetLocal, mode: safepoint, requested by thread 0x00007fe49d042800


---------------  P R O C E S S  ---------------

Java Threads: ( => current thread )
  0x00007fe49c8ea000 JavaThread "ReaderThread" [_thread_in_native, id=16387, stack(0x000070000ff0b000,0x000070001000b000)]
  0x00007fe49c85d800 JavaThread "Service Thread" daemon [_thread_blocked, id=15107, stack(0x000070000fd05000,0x000070000fe05000)]
  0x00007fe49c855000 JavaThread "C1 CompilerThread2" daemon [_thread_blocked, id=14851, stack(0x000070000fc02000,0x000070000fd02000)]
  0x00007fe49d046800 JavaThread "C2 CompilerThread1" daemon [_thread_blocked, id=14595, stack(0x000070000faff000,0x000070000fbff000)]
  0x00007fe49c049800 JavaThread "C2 CompilerThread0" daemon [_thread_blocked, id=17923, stack(0x000070000f9fc000,0x000070000fafc000)]
  0x00007fe49c008800 JavaThread "JDWP Command Reader" daemon [_thread_in_native, id=14339, stack(0x000070000f8f9000,0x000070000f9f9000)]
  0x00007fe49d043800 JavaThread "JDWP Event Helper Thread" daemon [_thread_blocked, id=13827, stack(0x000070000f7f6000,0x000070000f8f6000)]
  0x00007fe49d042800 JavaThread "JDWP Transport Listener: dt_socket" daemon [_thread_blocked, id=18695, stack(0x000070000f6f3000,0x000070000f7f3000)]
  0x00007fe49c007800 JavaThread "Signal Dispatcher" daemon [_thread_blocked, id=19203, stack(0x000070000f5f0000,0x000070000f6f0000)]
  0x00007fe49c803000 JavaThread "Finalizer" daemon [_thread_blocked, id=11267, stack(0x000070000f3e7000,0x000070000f4e7000)]
  0x00007fe49d034000 JavaThread "Reference Handler" daemon [_thread_blocked, id=20995, stack(0x000070000f2e4000,0x000070000f3e4000)]
  0x00007fe49c801000 JavaThread "main" [_thread_blocked, id=3331, stack(0x000070000ecd2000,0x000070000edd2000)]

Other Threads:
=>0x00007fe49b80a800 VMThread [stack: 0x000070000f1e1000,0x000070000f2e1000] [id=11011]
  0x00007fe49b812000 WatcherThread [stack: 0x000070000fe08000,0x000070000ff08000] [id=15363]

VM state:at safepoint (normal execution)

VM Mutex/Monitor currently owned by a thread:  ([mutex/lock_event])
[0x00007fe49b5068e0] Threads_lock - owner thread: 0x00007fe49b80a800

heap address: 0x0000000740000000, size: 2048 MB, Compressed Oops mode: Zero based, Oop shift amount: 3
Narrow klass base: 0x0000000000000000, Narrow klass shift: 3
Compressed class space size: 1073741824 Address: 0x00000007c0000000

Heap:
 PSYoungGen      total 38400K, used 18251K [0x0000000795580000, 0x0000000798000000, 0x00000007c0000000)
  eden space 33280K, 42% used [0x0000000795580000,0x0000000796368040,0x0000000797600000)
  from space 5120K, 78% used [0x0000000797600000,0x00000007979eae60,0x0000000797b00000)
  to   space 5120K, 0% used [0x0000000797b00000,0x0000000797b00000,0x0000000798000000)
 ParOldGen       total 87552K, used 16K [0x0000000740000000, 0x0000000745580000, 0x0000000795580000)
  object space 87552K, 0% used [0x0000000740000000,0x0000000740004000,0x0000000745580000)
 Metaspace       used 10504K, capacity 11248K, committed 11392K, reserved 1058816K
  class space    used 1245K, capacity 1400K, committed 1408K, reserved 1048576K

Card table byte_map: [0x0000000111200000,0x0000000111601000] byte_map_base: 0x000000010d800000

Marking Bits: (ParMarkBitMap*) 0x0000000110701f80
 Begin Bits: [0x0000000123178000, 0x0000000125178000)
 End Bits:   [0x0000000125178000, 0x0000000127178000)

Polling page: 0x000000010f586000

CodeCache: size=245760Kb used=4996Kb max_used=5089Kb free=240763Kb
 bounds [0x0000000114178000, 0x0000000114678000, 0x0000000123178000]
 total_blobs=1516 nmethods=1173 adapters=265
 compilation: enabled

Compilation events (10 events):
Event: 2.439 Thread 0x00007fe49c855000 1174       3       jdk.internal.org.objectweb.asm.MethodWriter::visitTypeInsn (110 bytes)
Event: 2.439 Thread 0x00007fe49c855000 nmethod 1174 0x000000011462b750 code [0x000000011462b900, 0x000000011462bd68]
Event: 2.439 Thread 0x00007fe49c855000 1170       3       java.util.AbstractList::iterator (10 bytes)
Event: 2.439 Thread 0x00007fe49c855000 nmethod 1170 0x000000011462bf90 code [0x000000011462c100, 0x000000011462c3f0]
Event: 2.444 Thread 0x00007fe49d046800 nmethod 1127 0x0000000114630550 code [0x0000000114630760, 0x00000001146317a8]
Event: 2.453 Thread 0x00007fe49d046800 1167  s!   4       sun.misc.URLClassPath::getLoader (243 bytes)
Event: 2.520 Thread 0x00007fe49d046800 nmethod 1167 0x0000000114635210 code [0x0000000114635480, 0x0000000114636b70]
Event: 2.520 Thread 0x00007fe49d046800 1050       4       org.eclipse.jdt.launching.internal.org.objectweb.asm.ByteVector::<init> (13 bytes)
Event: 2.520 Thread 0x00007fe49d046800 nmethod 1050 0x0000000114630250 code [0x00000001146303a0, 0x00000001146304b8]
Event: 3.363 Thread 0x00007fe49c049800 nmethod 792 0x000000011464e710 code [0x000000011464f800, 0x0000000114665558]

GC Heap History (2 events):
Event: 1.909 GC heap before
{Heap before GC invocations=1 (full 0):
 PSYoungGen      total 38400K, used 33280K [0x0000000795580000, 0x0000000798000000, 0x00000007c0000000)
  eden space 33280K, 100% used [0x0000000795580000,0x0000000797600000,0x0000000797600000)
  from space 5120K, 0% used [0x0000000797b00000,0x0000000797b00000,0x0000000798000000)
  to   space 5120K, 0% used [0x0000000797600000,0x0000000797600000,0x0000000797b00000)
 ParOldGen       total 87552K, used 0K [0x0000000740000000, 0x0000000745580000, 0x0000000795580000)
  object space 87552K, 0% used [0x0000000740000000,0x0000000740000000,0x0000000745580000)
 Metaspace       used 8898K, capacity 9332K, committed 9600K, reserved 1058816K
  class space    used 1007K, capacity 1105K, committed 1152K, reserved 1048576K
Event: 1.914 GC heap after
Heap after GC invocations=1 (full 0):
 PSYoungGen      total 38400K, used 4011K [0x0000000795580000, 0x0000000798000000, 0x00000007c0000000)
  eden space 33280K, 0% used [0x0000000795580000,0x0000000795580000,0x0000000797600000)
  from space 5120K, 78% used [0x0000000797600000,0x00000007979eae60,0x0000000797b00000)
  to   space 5120K, 0% used [0x0000000797b00000,0x0000000797b00000,0x0000000798000000)
 ParOldGen       total 87552K, used 16K [0x0000000740000000, 0x0000000745580000, 0x0000000795580000)
  object space 87552K, 0% used [0x0000000740000000,0x0000000740004000,0x0000000745580000)
 Metaspace       used 8898K, capacity 9332K, committed 9600K, reserved 1058816K
  class space    used 1007K, capacity 1105K, committed 1152K, reserved 1048576K
}

Deoptimization events (10 events):
Event: 1.409 Thread 0x00007fe49c801000 Uncommon trap: reason=unstable_if action=reinterpret pc=0x00000001142f8eb4 method=org.eclipse.jdt.launching.internal.org.objectweb.asm.ClassReader.readUtf(II[C)Ljava/lang/String; @ 41
Event: 1.409 Thread 0x00007fe49c801000 Uncommon trap: reason=unstable_if action=reinterpret pc=0x0000000114433e60 method=org.eclipse.jdt.launching.internal.org.objectweb.asm.ByteVector.putUTF8(Ljava/lang/String;)Lorg/eclipse/jdt/launching/internal/org/objectweb/asm/ByteVector; @ 100
Event: 1.409 Thread 0x00007fe49c801000 Uncommon trap: reason=unstable_if action=reinterpret pc=0x0000000114335f54 method=org.eclipse.jdt.launching.internal.org.objectweb.asm.ByteVector.putUTF8(Ljava/lang/String;)Lorg/eclipse/jdt/launching/internal/org/objectweb/asm/ByteVector; @ 100
Event: 1.424 Thread 0x00007fe49c801000 Uncommon trap: reason=unstable_if action=reinterpret pc=0x00000001143b4684 method=java.lang.String.replace(CC)Ljava/lang/String; @ 26
Event: 1.661 Thread 0x00007fe49c801000 Uncommon trap: reason=unstable_if action=reinterpret pc=0x000000011449b104 method=java.util.HashMap.putVal(ILjava/lang/Object;Ljava/lang/Object;ZZ)Ljava/lang/Object; @ 181
Event: 1.720 Thread 0x00007fe49c801000 Uncommon trap: reason=unstable_if action=reinterpret pc=0x0000000114320f10 method=java.math.BigInteger.addOne([IIII)I @ 55
Event: 1.725 Thread 0x00007fe49c801000 Uncommon trap: reason=unstable_if action=reinterpret pc=0x0000000114508578 method=java.util.HashMap.getNode(ILjava/lang/Object;)Ljava/util/HashMap$Node; @ 129
Event: 1.725 Thread 0x00007fe49c801000 Uncommon trap: reason=unstable_if action=reinterpret pc=0x00000001144fbd80 method=java.util.HashMap.getNode(ILjava/lang/Object;)Ljava/util/HashMap$Node; @ 129
Event: 2.260 Thread 0x00007fe49c801000 Uncommon trap: reason=unstable_if action=reinterpret pc=0x0000000114481870 method=java.lang.ref.SoftReference.get()Ljava/lang/Object; @ 17
Event: 2.316 Thread 0x00007fe49c801000 Uncommon trap: reason=unstable_if action=reinterpret pc=0x0000000114535bf0 method=org.eclipse.jdt.launching.internal.org.objectweb.asm.ByteVector.putInt(I)Lorg/eclipse/jdt/launching/internal/org/objectweb/asm/ByteVector; @ 13

Classes redefined (2 events):
Event: 852.663 Thread 0x00007fe49b80a800 redefined class name=leetcode.dynamicProgramming2.WordBreak2, count=1
Event: 976.949 Thread 0x00007fe49b80a800 redefined class name=leetcode.dynamicProgramming2.WordBreak2, count=2

Internal exceptions (10 events):
Event: 1.527 Thread 0x00007fe49c801000 Exception <a 'java/lang/NoSuchMethodError': java.lang.Object.lambda$or$2(Ljava/util/function/Predicate;Ljava/lang/Object;)Z> (0x0000000796ca1b18) thrown at [/jenkins/workspace/8-2-build-macosx-x86_64/jdk8u241/331/hotspot/src/share/vm/interpreter/linkResol
Event: 1.561 Thread 0x00007fe49c801000 Exception <a 'java/lang/IncompatibleClassChangeError': Found class java.lang.Object, but interface was expected> (0x0000000796e249d0) thrown at [/jenkins/workspace/8-2-build-macosx-x86_64/jdk8u241/331/hotspot/src/share/vm/interpreter/linkResolver.cpp, lin
Event: 1.766 Thread 0x00007fe49c801000 Exception <a 'java/lang/NoSuchMethodError': java.lang.Object.lambda$andThen$1(Ljava/util/function/Function;Ljava/lang/Object;)Ljava/lang/Object;> (0x00000007971a15f0) thrown at [/jenkins/workspace/8-2-build-macosx-x86_64/jdk8u241/331/hotspot/src/share/vm/
Event: 1.780 Thread 0x00007fe49c801000 Exception <a 'java/lang/IncompatibleClassChangeError': Found class java.lang.Object, but interface was expected> (0x00000007971c7cb8) thrown at [/jenkins/workspace/8-2-build-macosx-x86_64/jdk8u241/331/hotspot/src/share/vm/interpreter/linkResolver.cpp, lin
Event: 1.787 Thread 0x00007fe49c801000 Exception <a 'java/lang/NoSuchMethodError': java.lang.Object.lambda$accept$0(Lorg/junit/platform/engine/TestDescriptor$Visitor;Lorg/junit/platform/engine/TestDescriptor;)V> (0x0000000797285fe0) thrown at [/jenkins/workspace/8-2-build-macosx-x86_64/jdk8u24
Event: 2.050 Thread 0x00007fe49c801000 Exception <a 'java/lang/NoSuchMethodError': java.lang.Object.lambda$isEqual$3(Ljava/lang/Object;Ljava/lang/Object;)Z> (0x00000007959b2e28) thrown at [/jenkins/workspace/8-2-build-macosx-x86_64/jdk8u241/331/hotspot/src/share/vm/interpreter/linkResolver.cpp
Event: 2.064 Thread 0x00007fe49c801000 Exception <a 'java/lang/NoSuchMethodError': java.lang.Object.containsTests(Lorg/junit/platform/engine/TestDescriptor;)Z> (0x0000000795a17290) thrown at [/jenkins/workspace/8-2-build-macosx-x86_64/jdk8u241/331/hotspot/src/share/vm/interpreter/linkResolver.
Event: 2.164 Thread 0x00007fe49c801000 Exception <a 'java/lang/IncompatibleClassChangeError': Found class java.lang.Object, but interface was expected> (0x0000000795b2f560) thrown at [/jenkins/workspace/8-2-build-macosx-x86_64/jdk8u241/331/hotspot/src/share/vm/interpreter/linkResolver.cpp, lin
Event: 2.218 Thread 0x00007fe49c801000 Exception <a 'java/lang/NoSuchMethodError': java.lang.Object.lambda$comparing$77a9974f$1(Ljava/util/function/Function;Ljava/lang/Object;Ljava/lang/Object;)I> (0x0000000795c4e6a0) thrown at [/jenkins/workspace/8-2-build-macosx-x86_64/jdk8u241/331/hotspot/s
Event: 2.234 Thread 0x00007fe49c801000 Exception <a 'java/lang/NoSuchMethodError': java.lang.Object.lambda$thenComparing$36697e65$1(Ljava/util/Comparator;Ljava/lang/Object;Ljava/lang/Object;)I> (0x0000000795c6d608) thrown at [/jenkins/workspace/8-2-build-macosx-x86_64/jdk8u241/331/hotspot/src/

Events (10 events):
Event: 976.959 Executing VM operation: ChangeBreakpoints done
Event: 976.959 Executing VM operation: ChangeBreakpoints
Event: 976.959 Executing VM operation: ChangeBreakpoints done
Event: 976.964 Executing VM operation: EnterInterpOnlyMode
Event: 976.964 Executing VM operation: EnterInterpOnlyMode done
Event: 976.964 Executing VM operation: GetCurrentLocation
Event: 976.964 Executing VM operation: GetCurrentLocation done
Event: 976.964 Executing VM operation: ChangeSingleStep
Event: 976.964 Executing VM operation: ChangeSingleStep done
Event: 976.969 Executing VM operation: GetOrSetLocal


Dynamic libraries:
0x00007fff2c68a000 	/System/Library/Frameworks/Cocoa.framework/Versions/A/Cocoa
0x00007fff39c58000 	/System/Library/Frameworks/Security.framework/Versions/A/Security
0x00007fff2b614000 	/System/Library/Frameworks/ApplicationServices.framework/Versions/A/ApplicationServices
0x00007fff63eec000 	/usr/lib/libz.1.dylib
0x00007fff619bb000 	/usr/lib/libSystem.B.dylib
0x00007fff63810000 	/usr/lib/libobjc.A.dylib
0x00007fff2d601000 	/System/Library/Frameworks/CoreFoundation.framework/Versions/A/CoreFoundation
0x00007fff2fcc6000 	/System/Library/Frameworks/Foundation.framework/Versions/C/Foundation
0x00007fff2a809000 	/System/Library/Frameworks/AppKit.framework/Versions/C/AppKit
0x00007fff2d10d000 	/System/Library/Frameworks/CoreData.framework/Versions/A/CoreData
0x00007fff5e263000 	/System/Library/PrivateFrameworks/UIFoundation.framework/Versions/A/UIFoundation
0x00007fff58a3f000 	/System/Library/PrivateFrameworks/RemoteViewServices.framework/Versions/A/RemoteViewServices
0x00007fff60cf6000 	/System/Library/PrivateFrameworks/XCTTargetBootstrap.framework/Versions/A/XCTTargetBootstrap
0x00007fff2d4f0000 	/System/Library/Frameworks/CoreDisplay.framework/Versions/A/CoreDisplay
0x00007fff32a3e000 	/System/Library/Frameworks/Metal.framework/Versions/A/Metal
0x00007fff46e5b000 	/System/Library/PrivateFrameworks/DesktopServicesPriv.framework/Versions/A/DesktopServicesPriv
0x00007fff62af1000 	/usr/lib/liblangid.dylib
0x00007fff45fa7000 	/System/Library/PrivateFrameworks/CoreSVG.framework/Versions/A/CoreSVG
0x00007fff5b806000 	/System/Library/PrivateFrameworks/SkyLight.framework/Versions/A/SkyLight
0x00007fff2da83000 	/System/Library/Frameworks/CoreGraphics.framework/Versions/A/CoreGraphics
0x00007fff293a8000 	/System/Library/Frameworks/Accelerate.framework/Versions/A/Accelerate
0x00007fff63ddd000 	/usr/lib/libxml2.2.dylib
0x00007fff51b69000 	/System/Library/PrivateFrameworks/IconServices.framework/Versions/A/IconServices
0x00007fff304ab000 	/System/Library/Frameworks/IOSurface.framework/Versions/A/IOSurface
0x00007fff614f3000 	/usr/lib/libDiagnosticMessagesClient.dylib
0x00007fff46cd4000 	/System/Library/PrivateFrameworks/DFRFoundation.framework/Versions/A/DFRFoundation
0x00007fff6287f000 	/usr/lib/libicucore.A.dylib
0x00007fff2b946000 	/System/Library/Frameworks/AudioToolbox.framework/Versions/A/AudioToolbox
0x00007fff2ba28000 	/System/Library/Frameworks/AudioUnit.framework/Versions/A/AudioUnit
0x00007fff61bbc000 	/usr/lib/libauto.dylib
0x00007fff46d55000 	/System/Library/PrivateFrameworks/DataDetectorsCore.framework/Versions/A/DataDetectorsCore
0x00007fff2c1aa000 	/System/Library/Frameworks/Carbon.framework/Versions/A/Frameworks/HIToolbox.framework/Versions/A/HIToolbox
0x00007fff38e89000 	/System/Library/Frameworks/QuartzCore.framework/Versions/A/QuartzCore
0x00007fff2c4e9000 	/System/Library/Frameworks/Carbon.framework/Versions/A/Frameworks/SpeechRecognition.framework/Versions/A/SpeechRecognition
0x00007fff4665a000 	/System/Library/PrivateFrameworks/CoreUI.framework/Versions/A/CoreUI
0x00007fff2cb73000 	/System/Library/Frameworks/CoreAudio.framework/Versions/A/CoreAudio
0x00007fff2f98e000 	/System/Library/Frameworks/DiskArbitration.framework/Versions/A/DiskArbitration
0x00007fff53b7e000 	/System/Library/PrivateFrameworks/MultitouchSupport.framework/Versions/A/MultitouchSupport
0x00007fff62745000 	/usr/lib/libenergytrace.dylib
0x00007fff30406000 	/System/Library/Frameworks/IOKit.framework/Versions/A/IOKit
0x00007fff2e9f1000 	/System/Library/Frameworks/CoreServices.framework/Versions/A/CoreServices
0x00007fff55c8b000 	/System/Library/PrivateFrameworks/PerformanceAnalysis.framework/Versions/A/PerformanceAnalysis
0x00007fff37ebf000 	/System/Library/Frameworks/OpenGL.framework/Versions/A/OpenGL
0x00007fff2c698000 	/System/Library/Frameworks/ColorSync.framework/Versions/A/ColorSync
0x00007fff2e10a000 	/System/Library/Frameworks/CoreImage.framework/Versions/A/CoreImage
0x00007fff2f467000 	/System/Library/Frameworks/CoreText.framework/Versions/A/CoreText
0x00007fff30531000 	/System/Library/Frameworks/ImageIO.framework/Versions/A/ImageIO
0x00007fff61ca1000 	/usr/lib/libc++.1.dylib
0x00007fff61d1d000 	/usr/lib/libcompression.dylib
0x00007fff61835000 	/usr/lib/libMobileGestalt.dylib
0x00007fff5d345000 	/System/Library/PrivateFrameworks/TextureIO.framework/Versions/A/TextureIO
0x00007fff61b22000 	/usr/lib/libate.dylib
0x00007fff51d72000 	/System/Library/PrivateFrameworks/InternationalSupport.framework/Versions/A/InternationalSupport
0x00007fff64962000 	/usr/lib/system/libcache.dylib
0x00007fff64968000 	/usr/lib/system/libcommonCrypto.dylib
0x00007fff64974000 	/usr/lib/system/libcompiler_rt.dylib
0x00007fff6497c000 	/usr/lib/system/libcopyfile.dylib
0x00007fff64986000 	/usr/lib/system/libcorecrypto.dylib
0x00007fff64b34000 	/usr/lib/system/libdispatch.dylib
0x00007fff64b76000 	/usr/lib/system/libdyld.dylib
0x00007fff64bac000 	/usr/lib/system/libkeymgr.dylib
0x00007fff64bba000 	/usr/lib/system/liblaunch.dylib
0x00007fff64bbb000 	/usr/lib/system/libmacho.dylib
0x00007fff64bc1000 	/usr/lib/system/libquarantine.dylib
0x00007fff64bc4000 	/usr/lib/system/libremovefile.dylib
0x00007fff64bc6000 	/usr/lib/system/libsystem_asl.dylib
0x00007fff64bde000 	/usr/lib/system/libsystem_blocks.dylib
0x00007fff64bdf000 	/usr/lib/system/libsystem_c.dylib
0x00007fff64c67000 	/usr/lib/system/libsystem_configuration.dylib
0x00007fff64c6b000 	/usr/lib/system/libsystem_coreservices.dylib
0x00007fff64c6f000 	/usr/lib/system/libsystem_darwin.dylib
0x00007fff64c78000 	/usr/lib/system/libsystem_dnssd.dylib
0x00007fff64c80000 	/usr/lib/system/libsystem_featureflags.dylib
0x00007fff64c82000 	/usr/lib/system/libsystem_info.dylib
0x00007fff64cfd000 	/usr/lib/system/libsystem_m.dylib
0x00007fff64d45000 	/usr/lib/system/libsystem_malloc.dylib
0x00007fff64d6d000 	/usr/lib/system/libsystem_networkextension.dylib
0x00007fff64d7b000 	/usr/lib/system/libsystem_notify.dylib
0x00007fff64d9a000 	/usr/lib/system/libsystem_sandbox.dylib
0x00007fff64d9f000 	/usr/lib/system/libsystem_secinit.dylib
0x00007fff64cd0000 	/usr/lib/system/libsystem_kernel.dylib
0x00007fff64d85000 	/usr/lib/system/libsystem_platform.dylib
0x00007fff64d8f000 	/usr/lib/system/libsystem_pthread.dylib
0x00007fff64da2000 	/usr/lib/system/libsystem_symptoms.dylib
0x00007fff64daa000 	/usr/lib/system/libsystem_trace.dylib
0x00007fff64dc2000 	/usr/lib/system/libunwind.dylib
0x00007fff64dc8000 	/usr/lib/system/libxpc.dylib
0x00007fff61cf5000 	/usr/lib/libc++abi.dylib
0x00007fff62af3000 	/usr/lib/liblzma.5.dylib
0x00007fff6276d000 	/usr/lib/libfakelink.dylib
0x00007fff61aaf000 	/usr/lib/libarchive.2.dylib
0x00007fff3adfa000 	/System/Library/Frameworks/SystemConfiguration.framework/Versions/A/SystemConfiguration
0x00007fff61424000 	/usr/lib/libCRFSuite.dylib
0x00007fff2bd9e000 	/System/Library/Frameworks/CFNetwork.framework/Versions/A/CFNetwork
0x00007fff61c83000 	/usr/lib/libbsm.0.dylib
0x00007fff64bad000 	/usr/lib/system/libkxld.dylib
0x00007fff4078b000 	/System/Library/PrivateFrameworks/AppleFSCompression.framework/Versions/A/AppleFSCompression
0x00007fff62004000 	/usr/lib/libcoretls.dylib
0x00007fff6201b000 	/usr/lib/libcoretls_cfhelpers.dylib
0x00007fff63854000 	/usr/lib/libpam.2.dylib
0x00007fff63987000 	/usr/lib/libsqlite3.dylib
0x00007fff63dca000 	/usr/lib/libxar.1.dylib
0x00007fff61c94000 	/usr/lib/libbz2.1.0.dylib
0x00007fff6278e000 	/usr/lib/libiconv.2.dylib
0x00007fff61d0a000 	/usr/lib/libcharset.1.dylib
0x00007fff632fb000 	/usr/lib/libnetwork.dylib
0x00007fff6385b000 	/usr/lib/libpcap.A.dylib
0x00007fff61a64000 	/usr/lib/libapple_nghttp2.dylib
0x00007fff2eda8000 	/System/Library/Frameworks/CoreServices.framework/Versions/A/Frameworks/FSEvents.framework/Versions/A/FSEvents
0x00007fff2ea78000 	/System/Library/Frameworks/CoreServices.framework/Versions/A/Frameworks/CarbonCore.framework/Versions/A/CarbonCore
0x00007fff2efeb000 	/System/Library/Frameworks/CoreServices.framework/Versions/A/Frameworks/Metadata.framework/Versions/A/Metadata
0x00007fff2f084000 	/System/Library/Frameworks/CoreServices.framework/Versions/A/Frameworks/OSServices.framework/Versions/A/OSServices
0x00007fff2f0b2000 	/System/Library/Frameworks/CoreServices.framework/Versions/A/Frameworks/SearchKit.framework/Versions/A/SearchKit
0x00007fff2e9f2000 	/System/Library/Frameworks/CoreServices.framework/Versions/A/Frameworks/AE.framework/Versions/A/AE
0x00007fff2edb1000 	/System/Library/Frameworks/CoreServices.framework/Versions/A/Frameworks/LaunchServices.framework/Versions/A/LaunchServices
0x00007fff2ed5a000 	/System/Library/Frameworks/CoreServices.framework/Versions/A/Frameworks/DictionaryServices.framework/Versions/A/DictionaryServices
0x00007fff2f11a000 	/System/Library/Frameworks/CoreServices.framework/Versions/A/Frameworks/SharedFileList.framework/Versions/A/SharedFileList
0x00007fff33d13000 	/System/Library/Frameworks/NetFS.framework/Versions/A/NetFS
0x00007fff540ae000 	/System/Library/PrivateFrameworks/NetAuth.framework/Versions/A/NetAuth
0x00007fff610c1000 	/System/Library/PrivateFrameworks/login.framework/Versions/A/Frameworks/loginsupport.framework/Versions/A/loginsupport
0x00007fff5ce40000 	/System/Library/PrivateFrameworks/TCC.framework/Versions/A/TCC
0x00007fff45376000 	/System/Library/PrivateFrameworks/CoreNLP.framework/Versions/A/CoreNLP
0x00007fff535ae000 	/System/Library/PrivateFrameworks/MetadataUtilities.framework/Versions/A/MetadataUtilities
0x00007fff62bcb000 	/usr/lib/libmecabra.dylib
0x00007fff62b23000 	/usr/lib/libmecab.dylib
0x00007fff6277e000 	/usr/lib/libgermantok.dylib
0x00007fff61a4b000 	/usr/lib/libThaiTokenizer.dylib
0x00007fff6145c000 	/usr/lib/libChineseTokenizer.dylib
0x00007fff293c0000 	/System/Library/Frameworks/Accelerate.framework/Versions/A/Frameworks/vImage.framework/Versions/A/vImage
0x00007fff2a663000 	/System/Library/Frameworks/Accelerate.framework/Versions/A/Frameworks/vecLib.framework/Versions/A/vecLib
0x00007fff2a5a7000 	/System/Library/Frameworks/Accelerate.framework/Versions/A/Frameworks/vecLib.framework/Versions/A/libvMisc.dylib
0x00007fff2a3cd000 	/System/Library/Frameworks/Accelerate.framework/Versions/A/Frameworks/vecLib.framework/Versions/A/libvDSP.dylib
0x00007fff29a2c000 	/System/Library/Frameworks/Accelerate.framework/Versions/A/Frameworks/vecLib.framework/Versions/A/libBLAS.dylib
0x00007fff29f87000 	/System/Library/Frameworks/Accelerate.framework/Versions/A/Frameworks/vecLib.framework/Versions/A/libLAPACK.dylib
0x00007fff2a32d000 	/System/Library/Frameworks/Accelerate.framework/Versions/A/Frameworks/vecLib.framework/Versions/A/libLinearAlgebra.dylib
0x00007fff2a3ba000 	/System/Library/Frameworks/Accelerate.framework/Versions/A/Frameworks/vecLib.framework/Versions/A/libSparseBLAS.dylib
0x00007fff2a343000 	/System/Library/Frameworks/Accelerate.framework/Versions/A/Frameworks/vecLib.framework/Versions/A/libQuadrature.dylib
0x00007fff29c96000 	/System/Library/Frameworks/Accelerate.framework/Versions/A/Frameworks/vecLib.framework/Versions/A/libBNNS.dylib
0x00007fff2a349000 	/System/Library/Frameworks/Accelerate.framework/Versions/A/Frameworks/vecLib.framework/Versions/A/libSparse.dylib
0x00007fff52131000 	/System/Library/PrivateFrameworks/LanguageModeling.framework/Versions/A/LanguageModeling
0x00007fff44d12000 	/System/Library/PrivateFrameworks/CoreEmoji.framework/Versions/A/CoreEmoji
0x00007fff5224f000 	/System/Library/PrivateFrameworks/LinguisticData.framework/Versions/A/LinguisticData
0x00007fff52200000 	/System/Library/PrivateFrameworks/Lexicon.framework/Versions/A/Lexicon
0x00007fff61d0b000 	/usr/lib/libcmph.dylib
0x00007fff368e5000 	/System/Library/Frameworks/OpenDirectory.framework/Versions/A/Frameworks/CFOpenDirectory.framework/Versions/A/CFOpenDirectory
0x00007fff36902000 	/System/Library/Frameworks/OpenDirectory.framework/Versions/A/OpenDirectory
0x00007fff3ebcf000 	/System/Library/PrivateFrameworks/APFS.framework/Versions/A/APFS
0x00007fff39fab000 	/System/Library/Frameworks/SecurityFoundation.framework/Versions/A/SecurityFoundation
0x00007fff63dc6000 	/usr/lib/libutil.dylib
0x00007fff45fff000 	/System/Library/PrivateFrameworks/CoreServicesStore.framework/Versions/A/CoreServicesStore
0x00007fff3a063000 	/System/Library/Frameworks/ServiceManagement.framework/Versions/A/ServiceManagement
0x00007fff41f42000 	/System/Library/PrivateFrameworks/BackgroundTaskManagement.framework/Versions/A/BackgroundTaskManagement
0x00007fff63ec3000 	/usr/lib/libxslt.1.dylib
0x00007fff40df0000 	/System/Library/PrivateFrameworks/AppleSystemInfo.framework/Versions/A/AppleSystemInfo
0x00007fff3074e000 	/System/Library/Frameworks/ImageIO.framework/Versions/A/Resources/libJPEG.dylib
0x00007fff30a0d000 	/System/Library/Frameworks/ImageIO.framework/Versions/A/Resources/libTIFF.dylib
0x00007fff309f0000 	/System/Library/Frameworks/ImageIO.framework/Versions/A/Resources/libPng.dylib
0x00007fff3068f000 	/System/Library/Frameworks/ImageIO.framework/Versions/A/Resources/libGIF.dylib
0x00007fff30693000 	/System/Library/Frameworks/ImageIO.framework/Versions/A/Resources/libJP2.dylib
0x00007fff30a0b000 	/System/Library/Frameworks/ImageIO.framework/Versions/A/Resources/libRadiance.dylib
0x00007fff62746000 	/usr/lib/libexpat.1.dylib
0x00007fff408e6000 	/System/Library/PrivateFrameworks/AppleJPEG.framework/Versions/A/AppleJPEG
0x00007fff49263000 	/System/Library/PrivateFrameworks/FontServices.framework/libFontParser.dylib
0x00007fff60118000 	/System/Library/PrivateFrameworks/WatchdogClient.framework/Versions/A/WatchdogClient
0x00007fff517be000 	/System/Library/PrivateFrameworks/IOAccelerator.framework/Versions/A/IOAccelerator
0x00007fff32dcc000 	/System/Library/Frameworks/MetalPerformanceShaders.framework/Versions/A/MetalPerformanceShaders
0x00007fff4dfb1000 	/System/Library/PrivateFrameworks/GPUWrangler.framework/Versions/A/GPUWrangler
0x00007fff517c9000 	/System/Library/PrivateFrameworks/IOPresentment.framework/Versions/A/IOPresentment
0x00007fff46ce7000 	/System/Library/PrivateFrameworks/DSExternalDisplay.framework/Versions/A/DSExternalDisplay
0x00007fff3726b000 	/System/Library/Frameworks/OpenGL.framework/Versions/A/Libraries/libCoreFSCache.dylib
0x00007fff32b1e000 	/System/Library/Frameworks/MetalPerformanceShaders.framework/Frameworks/MPSCore.framework/Versions/A/MPSCore
0x00007fff32b5b000 	/System/Library/Frameworks/MetalPerformanceShaders.framework/Frameworks/MPSImage.framework/Versions/A/MPSImage
0x00007fff32c1d000 	/System/Library/Frameworks/MetalPerformanceShaders.framework/Frameworks/MPSNeuralNetwork.framework/Versions/A/MPSNeuralNetwork
0x00007fff32be2000 	/System/Library/Frameworks/MetalPerformanceShaders.framework/Frameworks/MPSMatrix.framework/Versions/A/MPSMatrix
0x00007fff32d7d000 	/System/Library/Frameworks/MetalPerformanceShaders.framework/Frameworks/MPSRayIntersector.framework/Versions/A/MPSRayIntersector
0x00007fff32c07000 	/System/Library/Frameworks/MetalPerformanceShaders.framework/Frameworks/MPSNDArray.framework/Versions/A/MPSNDArray
0x00007fff535fb000 	/System/Library/PrivateFrameworks/MetalTools.framework/Versions/A/MetalTools
0x00007fff3fd94000 	/System/Library/PrivateFrameworks/AggregateDictionary.framework/Versions/A/AggregateDictionary
0x00007fff4479c000 	/System/Library/PrivateFrameworks/CoreAnalytics.framework/Versions/A/CoreAnalytics
0x00007fff40d0e000 	/System/Library/PrivateFrameworks/AppleSauce.framework/Versions/A/AppleSauce
0x00007fff61718000 	/usr/lib/libIOReport.dylib
0x00007fff2f61c000 	/System/Library/Frameworks/CoreVideo.framework/Versions/A/CoreVideo
0x00007fff4f41f000 	/System/Library/PrivateFrameworks/GraphVisualizer.framework/Versions/A/GraphVisualizer
0x00007fff487e4000 	/System/Library/PrivateFrameworks/FaceCore.framework/Versions/A/FaceCore
0x00007fff3688c000 	/System/Library/Frameworks/OpenCL.framework/Versions/A/OpenCL
0x00007fff6153a000 	/usr/lib/libFosl_dynamic.dylib
0x00007fff54aa9000 	/System/Library/PrivateFrameworks/OTSVG.framework/Versions/A/OTSVG
0x00007fff2b719000 	/System/Library/Frameworks/ApplicationServices.framework/Versions/A/Frameworks/ATS.framework/Versions/A/Resources/libFontRegistry.dylib
0x00007fff49434000 	/System/Library/PrivateFrameworks/FontServices.framework/libhvf.dylib
0x00007fff37276000 	/System/Library/Frameworks/OpenGL.framework/Versions/A/Libraries/libGFXShared.dylib
0x00007fff37453000 	/System/Library/Frameworks/OpenGL.framework/Versions/A/Libraries/libGLU.dylib
0x00007fff3727f000 	/System/Library/Frameworks/OpenGL.framework/Versions/A/Libraries/libGL.dylib
0x00007fff3728a000 	/System/Library/Frameworks/OpenGL.framework/Versions/A/Libraries/libGLImage.dylib
0x00007fff37268000 	/System/Library/Frameworks/OpenGL.framework/Versions/A/Libraries/libCVMSPluginSupport.dylib
0x00007fff37271000 	/System/Library/Frameworks/OpenGL.framework/Versions/A/Libraries/libCoreVMClient.dylib
0x00007fff6319d000 	/usr/lib/libncurses.5.4.dylib
0x00007fff2b615000 	/System/Library/Frameworks/ApplicationServices.framework/Versions/A/Frameworks/ATS.framework/Versions/A/ATS
0x00007fff2b7e2000 	/System/Library/Frameworks/ApplicationServices.framework/Versions/A/Frameworks/ColorSyncLegacy.framework/Versions/A/ColorSyncLegacy
0x00007fff2b881000 	/System/Library/Frameworks/ApplicationServices.framework/Versions/A/Frameworks/HIServices.framework/Versions/A/HIServices
0x00007fff2b8d8000 	/System/Library/Frameworks/ApplicationServices.framework/Versions/A/Frameworks/LangAnalysis.framework/Versions/A/LangAnalysis
0x00007fff2b8e7000 	/System/Library/Frameworks/ApplicationServices.framework/Versions/A/Frameworks/PrintCore.framework/Versions/A/PrintCore
0x00007fff2b92d000 	/System/Library/Frameworks/ApplicationServices.framework/Versions/A/Frameworks/QD.framework/Versions/A/QD
0x00007fff2b938000 	/System/Library/Frameworks/ApplicationServices.framework/Versions/A/Frameworks/SpeechSynthesis.framework/Versions/A/SpeechSynthesis
0x00007fff2b7b2000 	/System/Library/Frameworks/ApplicationServices.framework/Versions/A/Frameworks/ATSUI.framework/Versions/A/ATSUI
0x00007fff625da000 	/usr/lib/libcups.2.dylib
0x00007fff31e7b000 	/System/Library/Frameworks/Kerberos.framework/Versions/A/Kerberos
0x00007fff300fb000 	/System/Library/Frameworks/GSS.framework/Versions/A/GSS
0x00007fff63913000 	/usr/lib/libresolv.9.dylib
0x00007fff4f5c0000 	/System/Library/PrivateFrameworks/Heimdal.framework/Versions/A/Heimdal
0x00007fff31e8e000 	/System/Library/Frameworks/Kerberos.framework/Versions/A/Libraries/libHeimdalProxy.dylib
0x00007fff62784000 	/usr/lib/libheimdal-asn1.dylib
0x00007fff43c42000 	/System/Library/PrivateFrameworks/CommonAuth.framework/Versions/A/CommonAuth
0x00007fff40e8d000 	/System/Library/PrivateFrameworks/AssertionServices.framework/Versions/A/AssertionServices
0x00007fff41a30000 	/System/Library/PrivateFrameworks/AudioToolboxCore.framework/Versions/A/AudioToolboxCore
0x00007fff60d72000 	/System/Library/PrivateFrameworks/caulk.framework/Versions/A/caulk
0x00007fff41fee000 	/System/Library/PrivateFrameworks/BaseBoard.framework/Versions/A/BaseBoard
0x00007fff58bce000 	/System/Library/PrivateFrameworks/RunningBoardServices.framework/Versions/A/RunningBoardServices
0x00007fff55c97000 	/System/Library/PrivateFrameworks/PersistentConnection.framework/Versions/A/PersistentConnection
0x00007fff5861d000 	/System/Library/PrivateFrameworks/ProtocolBuffer.framework/Versions/A/ProtocolBuffer
0x00007fff43c67000 	/System/Library/PrivateFrameworks/CommonUtilities.framework/Versions/A/CommonUtilities
0x00007fff42171000 	/System/Library/PrivateFrameworks/Bom.framework/Versions/A/Bom
0x00007fff613e7000 	/usr/lib/libAudioToolboxUtility.dylib
0x00007fff41f4c000 	/System/Library/PrivateFrameworks/Backup.framework/Versions/A/Backup
0x00007fff46a57000 	/System/Library/PrivateFrameworks/CrashReporterSupport.framework/Versions/A/CrashReporterSupport
0x00007fff5a6ca000 	/System/Library/PrivateFrameworks/Sharing.framework/Versions/A/Sharing
0x00007fff40631000 	/System/Library/PrivateFrameworks/Apple80211.framework/Versions/A/Apple80211
0x00007fff41c6e000 	/System/Library/PrivateFrameworks/AuthKit.framework/Versions/A/AuthKit
0x00007fff46787000 	/System/Library/PrivateFrameworks/CoreUtils.framework/Versions/A/CoreUtils
0x00007fff2f661000 	/System/Library/Frameworks/CoreWLAN.framework/Versions/A/CoreWLAN
0x00007fff30287000 	/System/Library/Frameworks/IOBluetooth.framework/Versions/A/IOBluetooth
0x00007fff538f9000 	/System/Library/PrivateFrameworks/MobileKeyBag.framework/Versions/A/MobileKeyBag
0x00007fff45852000 	/System/Library/PrivateFrameworks/CorePhoneNumbers.framework/Versions/A/CorePhoneNumbers
0x00007fff40899000 	/System/Library/PrivateFrameworks/AppleIDAuthSupport.framework/Versions/A/AppleIDAuthSupport
0x00007fff33d20000 	/System/Library/Frameworks/Network.framework/Versions/A/Network
0x00007fff51fb9000 	/System/Library/PrivateFrameworks/KeychainCircle.framework/Versions/A/KeychainCircle
0x00007fff2d0d5000 	/System/Library/Frameworks/CoreBluetooth.framework/Versions/A/CoreBluetooth
0x00007fff5c346000 	/System/Library/PrivateFrameworks/SpeechRecognitionCore.framework/Versions/A/SpeechRecognitionCore
0x00007fff21c5a000 	/System/Library/CoreServices/Encodings/libSimplifiedChineseConverter.dylib
0x000000010fe00000 	/Library/Java/JavaVirtualMachines/jdk1.8.0_241.jdk/Contents/Home/jre/lib/server/libjvm.dylib
0x00007fff63c98000 	/usr/lib/libstdc++.6.dylib
0x000000010f542000 	/Library/Java/JavaVirtualMachines/jdk1.8.0_241.jdk/Contents/Home/jre/lib/libverify.dylib
0x000000010f550000 	/Library/Java/JavaVirtualMachines/jdk1.8.0_241.jdk/Contents/Home/jre/lib/libjava.dylib
0x000000010f587000 	/Library/Java/JavaVirtualMachines/jdk1.8.0_241.jdk/Contents/Home/jre/lib/libjdwp.dylib
0x000000010f5d2000 	/Library/Java/JavaVirtualMachines/jdk1.8.0_241.jdk/Contents/Home/jre/lib/libnpt.dylib
0x000000010f5d6000 	/Library/Java/JavaVirtualMachines/jdk1.8.0_241.jdk/Contents/Home/jre/lib/libinstrument.dylib
0x0000000110e37000 	/Library/Java/JavaVirtualMachines/jdk1.8.0_241.jdk/Contents/Home/jre/lib/libzip.dylib
0x00000001137bf000 	/Library/Java/JavaVirtualMachines/jdk1.8.0_241.jdk/Contents/Home/jre/lib/libdt_socket.dylib
0x00000001137a8000 	/Library/Java/JavaVirtualMachines/jdk1.8.0_241.jdk/Contents/Home/jre/lib/libnet.dylib

VM Arguments:
jvm_args: -agentlib:jdwp=transport=dt_socket,suspend=y,address=localhost:63124 -ea -javaagent:/Applications/Eclipse.app/Contents/Eclipse/configuration/org.eclipse.osgi/1357/0/.cp/lib/javaagent-shaded.jar -Dfile.encoding=UTF-8 
java_command: org.eclipse.jdt.internal.junit.runner.RemoteTestRunner -version 3 -port 63123 -testLoaderClass org.eclipse.jdt.internal.junit5.runner.JUnit5TestLoader -loaderpluginname org.eclipse.jdt.junit5.runtime -classNames leetcode.dynamicProgramming2.WordBreak2
java_class_path (initial): /Users/zxl/Documents/GitHub/leetcode/bin:/Users/zxl/.p2/pool/plugins/org.junit.jupiter.api_5.5.1.v20190826-0900.jar:/Users/zxl/.p2/pool/plugins/org.junit.jupiter.engine_5.5.1.v20190826-0900.jar:/Users/zxl/.p2/pool/plugins/org.junit.jupiter.migrationsupport_5.5.1.v20190826-0900.jar:/Users/zxl/.p2/pool/plugins/org.junit.jupiter.params_5.5.1.v20190826-0900.jar:/Users/zxl/.p2/pool/plugins/org.junit.platform.commons_1.5.1.v20190826-0900.jar:/Users/zxl/.p2/pool/plugins/org.junit.platform.engine_1.5.1.v20190826-0900.jar:/Users/zxl/.p2/pool/plugins/org.junit.platform.launcher_1.5.1.v20190826-0900.jar:/Users/zxl/.p2/pool/plugins/org.junit.platform.runner_1.5.1.v20190826-0900.jar:/Users/zxl/.p2/pool/plugins/org.junit.platform.suite.api_1.5.1.v20190826-0900.jar:/Users/zxl/.p2/pool/plugins/org.junit.vintage.engine_5.5.1.v20190826-0900.jar:/Users/zxl/.p2/pool/plugins/org.opentest4j_1.2.0.v20190826-0900.jar:/Users/zxl/.p2/pool/plugins/org.apiguardian_1.1.0.v20190826-0900.jar:/Users/zxl/.p2/pool/plugins/org.junit_4.12.0.v201504281640/junit.jar:/Users/zxl/.p2/pool/plugins/org.hamcrest.core_1.3.0.v20180420-1519.jar:/Applications/Eclipse.app/Contents/Eclipse/configuration/org.eclipse.osgi/1356/0/.cp:/Applications/Eclipse.app/Contents/Eclipse/configuration/org.eclipse.osgi/1354/0/.cp:/Applications/Eclipse.app/Contents/Eclipse/configuration/org.eclipse.osgi/1357/0/.cp/lib/javaagent-shaded.jar
Launcher Type: SUN_STANDARD

Environment Variables:
PATH=/usr/bin:/bin:/usr/sbin:/sbin
SHELL=/bin/zsh

Signal Handlers:
SIGSEGV: [libjvm.dylib+0x5bd1a7], sa_mask[0]=11111111011111110111111111111111, sa_flags=SA_ONSTACK|SA_RESTART|SA_SIGINFO
SIGBUS: [libjvm.dylib+0x5bd1a7], sa_mask[0]=11111111011111110111111111111111, sa_flags=SA_RESTART|SA_SIGINFO
SIGFPE: [libjvm.dylib+0x48e178], sa_mask[0]=11111111011111110111111111111111, sa_flags=SA_RESTART|SA_SIGINFO
SIGPIPE: [libjvm.dylib+0x48e178], sa_mask[0]=11111111011111110111111111111111, sa_flags=SA_RESTART|SA_SIGINFO
SIGXFSZ: [libjvm.dylib+0x48e178], sa_mask[0]=11111111011111110111111111111111, sa_flags=SA_RESTART|SA_SIGINFO
SIGILL: [libjvm.dylib+0x48e178], sa_mask[0]=11111111011111110111111111111111, sa_flags=SA_RESTART|SA_SIGINFO
SIGUSR1: SIG_DFL, sa_mask[0]=00000000000000000000000000000000, sa_flags=none
SIGUSR2: [libjvm.dylib+0x48dc96], sa_mask[0]=00100000000000000000000000000000, sa_flags=SA_RESTART|SA_SIGINFO
SIGHUP: [libjvm.dylib+0x48c221], sa_mask[0]=11111111011111110111111111111111, sa_flags=SA_RESTART|SA_SIGINFO
SIGINT: [libjvm.dylib+0x48c221], sa_mask[0]=11111111011111110111111111111111, sa_flags=SA_RESTART|SA_SIGINFO
SIGTERM: [libjvm.dylib+0x48c221], sa_mask[0]=11111111011111110111111111111111, sa_flags=SA_RESTART|SA_SIGINFO
SIGQUIT: [libjvm.dylib+0x48c221], sa_mask[0]=11111111011111110111111111111111, sa_flags=SA_RESTART|SA_SIGINFO


---------------  S Y S T E M  ---------------

OS:Bsduname:Darwin 19.3.0 Darwin Kernel Version 19.3.0: Thu Jan  9 20:58:23 PST 2020; root:xnu-6153.81.5~1/RELEASE_X86_64 x86_64
rlimit: STACK 8192k, CORE 0k, NPROC 1392, NOFILE 10240, AS infinity
load average:2.71 4.44 3.54

CPU:total 4 (initial active 4) (2 cores per cpu, 2 threads per core) family 6 model 142 stepping 9, cmov, cx8, fxsr, mmx, sse, sse2, sse3, ssse3, sse4.1, sse4.2, popcnt, avx, avx2, aes, clmul, erms, 3dnowpref, lzcnt, ht, tsc, tscinvbit, bmi1, bmi2, adx

Memory: 4k page, physical 8388608k(219104k free)

/proc/meminfo:


vm_info: Java HotSpot(TM) 64-Bit Server VM (25.241-b07) for bsd-amd64 JRE (1.8.0_241-b07), built on Dec 11 2019 02:29:59 by "java_re" with gcc 4.2.1 (Based on Apple Inc. build 5658) (LLVM build 2336.11.00)

time: Sat Mar 14 14:19:41 2020
timezone: CST
elapsed time: 977 seconds (0d 0h 16m 17s)

